---------------------------------------------------------------
[ 2018-01-13T00:05:25+08:00 ] 127.0.0.1 GET /
[ info ] 127.0.0.1:9000/ [运行时间：0.093055s][吞吐率：10.75req/s] [内存消耗：1,389.96kb] [文件加载：55]
[ info ] [ LANG ] D:\OneDrive\dev\zerobook-org\zerobook\thinkphp/lang/zh-cn.php
[ info ] [ ROUTE ] array (
)
[ info ] [ HEADER ] array (
  'host' => '127.0.0.1:9000',
  'connection' => 'keep-alive',
  'user-agent' => 'Mozilla/5.0 (Windows NT 10.0; Win64; x64) AppleWebKit/537.36 (KHTML, like Gecko) Chrome/63.0.3239.108 Safari/537.36',
  'upgrade-insecure-requests' => '1',
  'accept' => 'text/html,application/xhtml+xml,application/xml;q=0.9,image/webp,image/apng,*/*;q=0.8',
  'dnt' => '1',
  'accept-encoding' => 'gzip, deflate, br',
  'accept-language' => 'zh-CN,zh;q=0.9,en;q=0.8',
)
[ info ] [ PARAM ] array (
)
[ info ] [ LOG ] INIT File
[ error ] [0]模板文件不存在:D:\OneDrive\dev\zerobook-org\zerobook\application/index/view\index\index.html[D:\OneDrive\dev\zerobook-org\zerobook\thinkphp\library\think\view\driver\Think.php:80]
---------------------------------------------------------------
[ 2018-01-13T00:10:26+08:00 ] 127.0.0.1 GET /
[ info ] 127.0.0.1:9000/ [运行时间：0.037174s][吞吐率：26.90req/s] [内存消耗：1,563.01kb] [文件加载：60]
[ info ] [ LANG ] D:\OneDrive\dev\zerobook-org\zerobook\thinkphp/lang/zh-cn.php
[ info ] [ ROUTE ] array (
)
[ info ] [ HEADER ] array (
  'host' => '127.0.0.1:9000',
  'connection' => 'keep-alive',
  'cache-control' => 'max-age=0',
  'user-agent' => 'Mozilla/5.0 (Windows NT 10.0; Win64; x64) AppleWebKit/537.36 (KHTML, like Gecko) Chrome/63.0.3239.108 Safari/537.36',
  'upgrade-insecure-requests' => '1',
  'accept' => 'text/html,application/xhtml+xml,application/xml;q=0.9,image/webp,image/apng,*/*;q=0.8',
  'dnt' => '1',
  'accept-encoding' => 'gzip, deflate, br',
  'accept-language' => 'zh-CN,zh;q=0.9,en;q=0.8',
)
[ info ] [ PARAM ] array (
)
[ info ] [ VIEW ] D:\OneDrive\dev\zerobook-org\zerobook\application/index/view\index\index.html [ array (
) ]
[ info ] [ LOG ] INIT File
[ error ] [8]未定义数组索引: filter[D:\OneDrive\dev\zerobook-org\zerobook\thinkphp\library\think\View.php:223]
---------------------------------------------------------------
[ 2018-01-13T00:11:40+08:00 ] 127.0.0.1 GET /
[ info ] 127.0.0.1:9000/ [运行时间：0.045990s][吞吐率：21.74req/s] [内存消耗：1,408.36kb] [文件加载：58]
[ info ] [ LANG ] D:\OneDrive\dev\zerobook-org\zerobook\thinkphp/lang/zh-cn.php
[ info ] [ ROUTE ] array (
)
[ info ] [ HEADER ] array (
  'host' => '127.0.0.1:9000',
  'connection' => 'keep-alive',
  'cache-control' => 'max-age=0',
  'user-agent' => 'Mozilla/5.0 (Windows NT 10.0; Win64; x64) AppleWebKit/537.36 (KHTML, like Gecko) Chrome/63.0.3239.108 Safari/537.36',
  'upgrade-insecure-requests' => '1',
  'accept' => 'text/html,application/xhtml+xml,application/xml;q=0.9,image/webp,image/apng,*/*;q=0.8',
  'dnt' => '1',
  'accept-encoding' => 'gzip, deflate, br',
  'accept-language' => 'zh-CN,zh;q=0.9,en;q=0.8',
)
[ info ] [ PARAM ] array (
)
[ info ] [ VIEW ] D:\OneDrive\dev\zerobook-org\zerobook\application/index/view\index\index.html [ array (
) ]
[ info ] [ LOG ] INIT File
[ error ] [8]未定义数组索引: filter[D:\OneDrive\dev\zerobook-org\zerobook\thinkphp\library\think\View.php:223]
---------------------------------------------------------------
[ 2018-01-13T00:11:57+08:00 ] 127.0.0.1 GET /
[ info ] 127.0.0.1:9000/ [运行时间：0.029739s][吞吐率：33.63req/s] [内存消耗：1,408.36kb] [文件加载：58]
[ info ] [ LANG ] D:\OneDrive\dev\zerobook-org\zerobook\thinkphp/lang/zh-cn.php
[ info ] [ ROUTE ] array (
)
[ info ] [ HEADER ] array (
  'host' => '127.0.0.1:9000',
  'connection' => 'keep-alive',
  'cache-control' => 'max-age=0',
  'user-agent' => 'Mozilla/5.0 (Windows NT 10.0; Win64; x64) AppleWebKit/537.36 (KHTML, like Gecko) Chrome/63.0.3239.108 Safari/537.36',
  'upgrade-insecure-requests' => '1',
  'accept' => 'text/html,application/xhtml+xml,application/xml;q=0.9,image/webp,image/apng,*/*;q=0.8',
  'dnt' => '1',
  'accept-encoding' => 'gzip, deflate, br',
  'accept-language' => 'zh-CN,zh;q=0.9,en;q=0.8',
)
[ info ] [ PARAM ] array (
)
[ info ] [ VIEW ] D:\OneDrive\dev\zerobook-org\zerobook\application/index/view\index\index.html [ array (
) ]
[ info ] [ LOG ] INIT File
[ error ] [8]未定义数组索引: filter[D:\OneDrive\dev\zerobook-org\zerobook\thinkphp\library\think\View.php:223]
---------------------------------------------------------------
[ 2018-01-13T00:13:19+08:00 ] 127.0.0.1 GET /
[ info ] 127.0.0.1:9000/ [运行时间：0.035989s][吞吐率：27.79req/s] [内存消耗：1,407.94kb] [文件加载：58]
[ info ] [ LANG ] D:\OneDrive\dev\zerobook-org\zerobook\thinkphp/lang/zh-cn.php
[ info ] [ ROUTE ] array (
)
[ info ] [ HEADER ] array (
  'host' => '127.0.0.1:9000',
  'connection' => 'keep-alive',
  'cache-control' => 'max-age=0',
  'user-agent' => 'Mozilla/5.0 (Windows NT 10.0; Win64; x64) AppleWebKit/537.36 (KHTML, like Gecko) Chrome/63.0.3239.108 Safari/537.36',
  'upgrade-insecure-requests' => '1',
  'accept' => 'text/html,application/xhtml+xml,application/xml;q=0.9,image/webp,image/apng,*/*;q=0.8',
  'dnt' => '1',
  'accept-encoding' => 'gzip, deflate, br',
  'accept-language' => 'zh-CN,zh;q=0.9,en;q=0.8',
)
[ info ] [ PARAM ] array (
)
[ info ] [ VIEW ] D:\OneDrive\dev\zerobook-org\zerobook\application/index/view\index\index.html [ array (
) ]
[ info ] [ LOG ] INIT File
[ error ] [8]未定义数组索引: filter[D:\OneDrive\dev\zerobook-org\zerobook\thinkphp\library\think\View.php:223]
---------------------------------------------------------------
[ 2018-01-13T00:15:10+08:00 ] 127.0.0.1 GET /
[ info ] 127.0.0.1:9000/ [运行时间：0.025565s][吞吐率：39.12req/s] [内存消耗：1,367.60kb] [文件加载：54]
[ info ] [ LANG ] D:\OneDrive\dev\zerobook-org\zerobook\thinkphp/lang/zh-cn.php
[ info ] [ ROUTE ] array (
)
[ info ] [ HEADER ] array (
  'host' => '127.0.0.1:9000',
  'connection' => 'keep-alive',
  'cache-control' => 'max-age=0',
  'user-agent' => 'Mozilla/5.0 (Windows NT 10.0; Win64; x64) AppleWebKit/537.36 (KHTML, like Gecko) Chrome/63.0.3239.108 Safari/537.36',
  'upgrade-insecure-requests' => '1',
  'accept' => 'text/html,application/xhtml+xml,application/xml;q=0.9,image/webp,image/apng,*/*;q=0.8',
  'dnt' => '1',
  'accept-encoding' => 'gzip, deflate, br',
  'accept-language' => 'zh-CN,zh;q=0.9,en;q=0.8',
)
[ info ] [ PARAM ] array (
)
[ info ] [ VIEW ] D:\OneDrive\dev\zerobook-org\zerobook\application/index/view\index\index.html [ array (
  0 => 'filter',
) ]
[ info ] [ LOG ] INIT File
---------------------------------------------------------------
[ 2018-01-13T00:15:18+08:00 ] 127.0.0.1 GET /
[ info ] 127.0.0.1:9000/ [运行时间：0.029781s][吞吐率：33.58req/s] [内存消耗：1,523.19kb] [文件加载：56]
[ info ] [ LANG ] D:\OneDrive\dev\zerobook-org\zerobook\thinkphp/lang/zh-cn.php
[ info ] [ ROUTE ] array (
)
[ info ] [ HEADER ] array (
  'host' => '127.0.0.1:9000',
  'connection' => 'keep-alive',
  'cache-control' => 'max-age=0',
  'user-agent' => 'Mozilla/5.0 (Windows NT 10.0; Win64; x64) AppleWebKit/537.36 (KHTML, like Gecko) Chrome/63.0.3239.108 Safari/537.36',
  'upgrade-insecure-requests' => '1',
  'accept' => 'text/html,application/xhtml+xml,application/xml;q=0.9,image/webp,image/apng,*/*;q=0.8',
  'dnt' => '1',
  'accept-encoding' => 'gzip, deflate, br',
  'accept-language' => 'zh-CN,zh;q=0.9,en;q=0.8',
)
[ info ] [ PARAM ] array (
)
[ info ] [ VIEW ] D:\OneDrive\dev\zerobook-org\zerobook\application/index/view\index\index.html [ array (
  0 => 'filter',
) ]
[ info ] [ LOG ] INIT File
---------------------------------------------------------------
[ 2018-01-13T00:16:47+08:00 ] 127.0.0.1 GET /
[ info ] 127.0.0.1:9000/ [运行时间：0.032450s][吞吐率：30.82req/s] [内存消耗：1,523.44kb] [文件加载：56]
[ info ] [ LANG ] D:\OneDrive\dev\zerobook-org\zerobook\thinkphp/lang/zh-cn.php
[ info ] [ ROUTE ] array (
)
[ info ] [ HEADER ] array (
  'host' => '127.0.0.1:9000',
  'connection' => 'keep-alive',
  'cache-control' => 'max-age=0',
  'user-agent' => 'Mozilla/5.0 (Windows NT 10.0; Win64; x64) AppleWebKit/537.36 (KHTML, like Gecko) Chrome/63.0.3239.108 Safari/537.36',
  'upgrade-insecure-requests' => '1',
  'accept' => 'text/html,application/xhtml+xml,application/xml;q=0.9,image/webp,image/apng,*/*;q=0.8',
  'dnt' => '1',
  'accept-encoding' => 'gzip, deflate, br',
  'accept-language' => 'zh-CN,zh;q=0.9,en;q=0.8',
)
[ info ] [ PARAM ] array (
)
[ info ] [ VIEW ] D:\OneDrive\dev\zerobook-org\zerobook\application/index/view\index\index.html [ array (
  0 => 'filter',
) ]
[ info ] [ LOG ] INIT File
---------------------------------------------------------------
[ 2018-01-13T00:18:52+08:00 ] 127.0.0.1 GET /
[ info ] 127.0.0.1:9000/ [运行时间：0.032252s][吞吐率：31.01req/s] [内存消耗：1,523.94kb] [文件加载：56]
[ info ] [ LANG ] D:\OneDrive\dev\zerobook-org\zerobook\thinkphp/lang/zh-cn.php
[ info ] [ ROUTE ] array (
)
[ info ] [ HEADER ] array (
  'host' => '127.0.0.1:9000',
  'connection' => 'keep-alive',
  'cache-control' => 'max-age=0',
  'user-agent' => 'Mozilla/5.0 (Windows NT 10.0; Win64; x64) AppleWebKit/537.36 (KHTML, like Gecko) Chrome/63.0.3239.108 Safari/537.36',
  'upgrade-insecure-requests' => '1',
  'accept' => 'text/html,application/xhtml+xml,application/xml;q=0.9,image/webp,image/apng,*/*;q=0.8',
  'dnt' => '1',
  'accept-encoding' => 'gzip, deflate, br',
  'accept-language' => 'zh-CN,zh;q=0.9,en;q=0.8',
)
[ info ] [ PARAM ] array (
)
[ info ] [ VIEW ] D:\OneDrive\dev\zerobook-org\zerobook\application/index/view\index\index.html [ array (
  0 => 'filter',
) ]
[ info ] [ LOG ] INIT File
---------------------------------------------------------------
[ 2018-01-13T00:22:59+08:00 ] 127.0.0.1 GET /
[ info ] 127.0.0.1:9000/ [运行时间：0.032887s][吞吐率：30.41req/s] [内存消耗：1,523.94kb] [文件加载：56]
[ info ] [ LANG ] D:\OneDrive\dev\zerobook-org\zerobook\thinkphp/lang/zh-cn.php
[ info ] [ ROUTE ] array (
)
[ info ] [ HEADER ] array (
  'host' => '127.0.0.1:9000',
  'connection' => 'keep-alive',
  'cache-control' => 'max-age=0',
  'user-agent' => 'Mozilla/5.0 (Windows NT 10.0; Win64; x64) AppleWebKit/537.36 (KHTML, like Gecko) Chrome/63.0.3239.108 Safari/537.36',
  'upgrade-insecure-requests' => '1',
  'accept' => 'text/html,application/xhtml+xml,application/xml;q=0.9,image/webp,image/apng,*/*;q=0.8',
  'dnt' => '1',
  'accept-encoding' => 'gzip, deflate, br',
  'accept-language' => 'zh-CN,zh;q=0.9,en;q=0.8',
)
[ info ] [ PARAM ] array (
)
[ info ] [ VIEW ] D:\OneDrive\dev\zerobook-org\zerobook\application/index/view\index\index.html [ array (
  0 => 'filter',
) ]
[ info ] [ LOG ] INIT File
---------------------------------------------------------------
[ 2018-01-13T00:31:37+08:00 ] 127.0.0.1 GET /
[ info ] 127.0.0.1:9000/ [运行时间：0.027597s][吞吐率：36.24req/s] [内存消耗：1,367.60kb] [文件加载：54]
[ info ] [ LANG ] D:\OneDrive\dev\zerobook-org\zerobook\thinkphp/lang/zh-cn.php
[ info ] [ ROUTE ] array (
)
[ info ] [ HEADER ] array (
  'host' => '127.0.0.1:9000',
  'connection' => 'keep-alive',
  'cache-control' => 'max-age=0',
  'user-agent' => 'Mozilla/5.0 (Windows NT 10.0; Win64; x64) AppleWebKit/537.36 (KHTML, like Gecko) Chrome/63.0.3239.108 Safari/537.36',
  'upgrade-insecure-requests' => '1',
  'accept' => 'text/html,application/xhtml+xml,application/xml;q=0.9,image/webp,image/apng,*/*;q=0.8',
  'dnt' => '1',
  'accept-encoding' => 'gzip, deflate, br',
  'accept-language' => 'zh-CN,zh;q=0.9,en;q=0.8',
)
[ info ] [ PARAM ] array (
)
[ info ] [ VIEW ] D:\OneDrive\dev\zerobook-org\zerobook\application/index/view\index\index.html [ array (
  0 => 'filter',
) ]
[ info ] [ LOG ] INIT File
---------------------------------------------------------------
[ 2018-01-13T00:31:40+08:00 ] 127.0.0.1 GET /
[ info ] 127.0.0.1:9000/ [运行时间：0.024794s][吞吐率：40.33req/s] [内存消耗：1,367.60kb] [文件加载：54]
[ info ] [ LANG ] D:\OneDrive\dev\zerobook-org\zerobook\thinkphp/lang/zh-cn.php
[ info ] [ ROUTE ] array (
)
[ info ] [ HEADER ] array (
  'host' => '127.0.0.1:9000',
  'connection' => 'keep-alive',
  'cache-control' => 'max-age=0',
  'user-agent' => 'Mozilla/5.0 (Windows NT 10.0; Win64; x64) AppleWebKit/537.36 (KHTML, like Gecko) Chrome/63.0.3239.108 Safari/537.36',
  'upgrade-insecure-requests' => '1',
  'accept' => 'text/html,application/xhtml+xml,application/xml;q=0.9,image/webp,image/apng,*/*;q=0.8',
  'dnt' => '1',
  'accept-encoding' => 'gzip, deflate, br',
  'accept-language' => 'zh-CN,zh;q=0.9,en;q=0.8',
)
[ info ] [ PARAM ] array (
)
[ info ] [ VIEW ] D:\OneDrive\dev\zerobook-org\zerobook\application/index/view\index\index.html [ array (
  0 => 'filter',
) ]
[ info ] [ LOG ] INIT File
---------------------------------------------------------------
[ 2018-01-13T10:17:21+08:00 ] 127.0.0.1 GET /
[ info ] 127.0.0.1:9000/ [运行时间：0.948943s][吞吐率：1.05req/s] [内存消耗：1,367.09kb] [文件加载：54]
[ info ] [ LANG ] D:\OneDrive\dev\zerobook-org\zerobook\thinkphp/lang/zh-cn.php
[ info ] [ ROUTE ] array (
)
[ info ] [ HEADER ] array (
  'host' => '127.0.0.1:9000',
  'connection' => 'keep-alive',
  'user-agent' => 'Mozilla/5.0 (Windows NT 10.0; Win64; x64) AppleWebKit/537.36 (KHTML, like Gecko) Chrome/63.0.3239.108 Safari/537.36',
  'upgrade-insecure-requests' => '1',
  'accept' => 'text/html,application/xhtml+xml,application/xml;q=0.9,image/webp,image/apng,*/*;q=0.8',
  'dnt' => '1',
  'accept-encoding' => 'gzip, deflate, br',
  'accept-language' => 'zh-CN,zh;q=0.9,en;q=0.8',
)
[ info ] [ PARAM ] array (
)
[ info ] [ VIEW ] D:\OneDrive\dev\zerobook-org\zerobook\application/index/view\index\index.html [ array (
  0 => 'filter',
) ]
[ info ] [ LOG ] INIT File
---------------------------------------------------------------
[ 2018-01-13T20:15:25+08:00 ] 127.0.0.1 GET /
[ info ] 127.0.0.1:9000/ [运行时间：0.869906s][吞吐率：1.15req/s] [内存消耗：1,367.09kb] [文件加载：54]
[ info ] [ LANG ] D:\OneDrive\dev\zerobook-org\zerobook\thinkphp/lang/zh-cn.php
[ info ] [ ROUTE ] array (
)
[ info ] [ HEADER ] array (
  'host' => '127.0.0.1:9000',
  'connection' => 'keep-alive',
  'user-agent' => 'Mozilla/5.0 (Windows NT 10.0; Win64; x64) AppleWebKit/537.36 (KHTML, like Gecko) Chrome/63.0.3239.108 Safari/537.36',
  'upgrade-insecure-requests' => '1',
  'accept' => 'text/html,application/xhtml+xml,application/xml;q=0.9,image/webp,image/apng,*/*;q=0.8',
  'dnt' => '1',
  'accept-encoding' => 'gzip, deflate, br',
  'accept-language' => 'zh-CN,zh;q=0.9,en;q=0.8',
)
[ info ] [ PARAM ] array (
)
[ info ] [ VIEW ] D:\OneDrive\dev\zerobook-org\zerobook\application/index/view\index\index.html [ array (
  0 => 'filter',
) ]
[ info ] [ LOG ] INIT File
